[13:08:32] Network started: 18 hosts, 7 switches, 6 subnets
[13:08:32] All iptables rules cleared
[13:08:32] QUARANTINE h0(Jim): iptables -A INPUT -j DROP; iptables -A OUTPUT -j DROP
[13:08:32] QUARANTINE h5(Angela): iptables -A INPUT -j DROP; iptables -A OUTPUT -j DROP
[13:08:32] QUARANTINE h12(Michael): iptables -A INPUT -j DROP; iptables -A OUTPUT -j DROP
[13:08:33] UNBLOCK h0(Jim): iptables -F
[13:08:33] UNBLOCK h5(Angela): iptables -F
[13:08:33] UNBLOCK h12(Michael): iptables -F
[13:08:36] QUARANTINE h12(Michael): iptables -A INPUT -j DROP; iptables -A OUTPUT -j DROP
[13:08:36] QUARANTINE h13(Pam): iptables -A INPUT -j DROP; iptables -A OUTPUT -j DROP
[13:08:48] BLOCK h16(ConfLaptop3): allow 10.0.4.0/24, drop rest
[13:09:11] QUARANTINE h6(Oscar): iptables -A INPUT -j DROP; iptables -A OUTPUT -j DROP
[13:09:11] UNBLOCK h13(Pam): iptables -F
[13:09:16] BLOCK h14(ConfLaptop1): allow 10.0.4.0/24, drop rest
[13:09:17] QUARANTINE h5(Angela): iptables -A INPUT -j DROP; iptables -A OUTPUT -j DROP
[13:09:22] QUARANTINE h10(BackDesk3): iptables -A INPUT -j DROP; iptables -A OUTPUT -j DROP
[13:09:27] QUARANTINE h16(ConfLaptop3): iptables -A INPUT -j DROP; iptables -A OUTPUT -j DROP
[13:09:32] All iptables rules cleared
[13:09:33] QUARANTINE h0(Jim): iptables -A INPUT -j DROP; iptables -A OUTPUT -j DROP
[13:09:33] QUARANTINE h5(Angela): iptables -A INPUT -j DROP; iptables -A OUTPUT -j DROP
[13:09:33] QUARANTINE h12(Michael): iptables -A INPUT -j DROP; iptables -A OUTPUT -j DROP
[13:09:35] UNBLOCK h0(Jim): iptables -F
[13:09:35] UNBLOCK h5(Angela): iptables -F
[13:09:35] UNBLOCK h12(Michael): iptables -F
[13:09:36] BLOCK h5(Angela): allow 10.0.1.0/24, drop rest
[13:09:38] All iptables rules cleared
[13:09:38] QUARANTINE h13(Pam): iptables -A INPUT -j DROP; iptables -A OUTPUT -j DROP
